<?xml version="1.0" encoding="UTF-8"?>
<testsuite xmlns:xsi="http://www.w3.org/2001/XMLSchema-instance" xsi:noNamespaceSchemaLocation="https://maven.apache.org/surefire/maven-surefire-plugin/xsd/surefire-test-report.xsd" version="3.0.2" name="com.SnipLink.SnipLinkApplicationTests" time="1.512" tests="1" errors="0" skipped="0" failures="0">
  <properties>
[...]
</properties>
  <testcase name="contextLoads" classname="com.SnipLink.SnipLinkApplicationTests" time="0.391">
    <system-out><![CDATA[17:03:07.128 [main] INFO org.springframework.test.context.support.AnnotationConfigContextLoaderUtils -- Could not detect default configuration classes for test class [com.SnipLink.SnipLinkApplicationTests]: SnipLinkApplicationTests does not declare any static, non-private, non-final, nested classes annotated with @Configuration.
17:03:07.179 [main] INFO org.springframework.boot.test.context.SpringBootTestContextBootstrapper -- Found @SpringBootConfiguration com.SnipLink.SnipLinkApplication for test class com.SnipLink.SnipLinkApplicationTests
17:03:07.258 [main] INFO org.springframework.boot.devtools.restart.RestartApplicationListener -- Restart disabled due to context in which it is running

  .   ____          _            __ _ _
 /\\ / ___'_ __ _ _(_)_ __  __ _ \ \ \ \
( ( )\___ | '_ | '_| | '_ \/ _` | \ \ \ \
 \\/  ___)| |_)| | | | | || (_| |  ) ) ) )
  '  |____| .__|_| |_|_| |_\__, | / / / /
 =========|_|==============|___/=/_/_/_/

 :: Spring Boot ::                (v3.4.2)

2025-02-03T17:03:07.395-07:00  INFO 9252 --- [SnipLink] [           main] com.SnipLink.SnipLinkApplicationTests    : Starting SnipLinkApplicationTests using Java 20.0.2 with PID 9252 (started by shrutiujlan in /Users/shrutiujlan/Downloads/SnipLink)
2025-02-03T17:03:07.396-07:00  INFO 9252 --- [SnipLink] [           main] com.SnipLink.SnipLinkApplicationTests    : No active profile set, falling back to 1 default profile: "default"
2025-02-03T17:03:07.663-07:00  INFO 9252 --- [SnipLink] [           main] .s.d.r.c.RepositoryConfigurationDelegate : Multiple Spring Data modules found, entering strict repository configuration mode
2025-02-03T17:03:07.664-07:00  INFO 9252 --- [SnipLink] [           main] .s.d.r.c.RepositoryConfigurationDelegate : Bootstrapping Spring Data Redis repositories in DEFAULT mode.
2025-02-03T17:03:07.677-07:00  INFO 9252 --- [SnipLink] [           main] .s.d.r.c.RepositoryConfigurationDelegate : Finished Spring Data repository scanning in 5 ms. Found 0 Redis repository interfaces.
2025-02-03T17:03:08.128-07:00  INFO 9252 --- [SnipLink] [           main] com.SnipLink.SnipLinkApplicationTests    : Started SnipLinkApplicationTests in 0.875 seconds (process running for 1.408)
]]></system-out>
  </testcase>
</testsuite>